# Logfile created on 2014-03-06 10:21:38 -0500 by logger.rb/41954
I, [2014-03-06T10:21:38.047060 #15138]  INFO -- : 0:  RedCloth (4.2.9) from /Users/josecfernandezortiz/.rvm/gems/ruby-2.0.0-p353/specifications/RedCloth-4.2.9.gemspec
I, [2014-03-06T10:21:38.047383 #15138]  INFO -- : 0:  blankslate (2.1.2.4) from /Users/josecfernandezortiz/.rvm/gems/ruby-2.0.0-p353/specifications/blankslate-2.1.2.4.gemspec
I, [2014-03-06T10:21:38.047636 #15138]  INFO -- : 0:  fast-stemmer (1.0.2) from /Users/josecfernandezortiz/.rvm/gems/ruby-2.0.0-p353/specifications/fast-stemmer-1.0.2.gemspec
I, [2014-03-06T10:21:38.047869 #15138]  INFO -- : 0:  classifier (1.3.4) from /Users/josecfernandezortiz/.rvm/gems/ruby-2.0.0-p353/specifications/classifier-1.3.4.gemspec
I, [2014-03-06T10:21:38.048133 #15138]  INFO -- : 0:  colorator (0.1) from /Users/josecfernandezortiz/.rvm/gems/ruby-2.0.0-p353/specifications/colorator-0.1.gemspec
I, [2014-03-06T10:21:39.514879 #15138]  INFO -- : 0:  highline (1.6.21) from /Users/josecfernandezortiz/.rvm/gems/ruby-2.0.0-p353/specifications/highline-1.6.21.gemspec
I, [2014-03-06T10:21:39.515224 #15138]  INFO -- : 0:  commander (4.1.6) from /Users/josecfernandezortiz/.rvm/gems/ruby-2.0.0-p353/specifications/commander-4.1.6.gemspec
I, [2014-03-06T10:21:39.515448 #15138]  INFO -- : 0:  ffi (1.9.3) from /Users/josecfernandezortiz/.rvm/gems/ruby-2.0.0-p353/specifications/ffi-1.9.3.gemspec
I, [2014-03-06T10:21:39.515661 #15138]  INFO -- : 0:  liquid (2.5.5) from /Users/josecfernandezortiz/.rvm/gems/ruby-2.0.0-p353/specifications/liquid-2.5.5.gemspec
I, [2014-03-06T10:21:39.515926 #15138]  INFO -- : 0:  rb-fsevent (0.9.4) from /Users/josecfernandezortiz/.rvm/gems/ruby-2.0.0-p353/specifications/rb-fsevent-0.9.4.gemspec
I, [2014-03-06T10:21:39.516142 #15138]  INFO -- : 0:  rb-inotify (0.9.3) from /Users/josecfernandezortiz/.rvm/gems/ruby-2.0.0-p353/specifications/rb-inotify-0.9.3.gemspec
I, [2014-03-06T10:21:39.516344 #15138]  INFO -- : 0:  rb-kqueue (0.2.2) from /Users/josecfernandezortiz/.rvm/gems/ruby-2.0.0-p353/specifications/rb-kqueue-0.2.2.gemspec
I, [2014-03-06T10:21:39.516575 #15138]  INFO -- : 0:  listen (1.3.1) from /Users/josecfernandezortiz/.rvm/gems/ruby-2.0.0-p353/specifications/listen-1.3.1.gemspec
I, [2014-03-06T10:21:40.760640 #15138]  INFO -- : 0:  maruku (0.7.0) from /Users/josecfernandezortiz/.rvm/gems/ruby-2.0.0-p353/specifications/maruku-0.7.0.gemspec
I, [2014-03-06T10:21:40.761088 #15138]  INFO -- : 0:  posix-spawn (0.3.8) from /Users/josecfernandezortiz/.rvm/gems/ruby-2.0.0-p353/specifications/posix-spawn-0.3.8.gemspec
I, [2014-03-06T10:21:40.761379 #15138]  INFO -- : 0:  yajl-ruby (1.1.0) from /Users/josecfernandezortiz/.rvm/gems/ruby-2.0.0-p353/specifications/yajl-ruby-1.1.0.gemspec
I, [2014-03-06T10:21:40.761657 #15138]  INFO -- : 0:  pygments.rb (0.5.4) from /Users/josecfernandezortiz/.rvm/gems/ruby-2.0.0-p353/specifications/pygments.rb-0.5.4.gemspec
I, [2014-03-06T10:21:40.761961 #15138]  INFO -- : 0:  redcarpet (2.3.0) from /Users/josecfernandezortiz/.rvm/gems/ruby-2.0.0-p353/specifications/redcarpet-2.3.0.gemspec
I, [2014-03-06T10:21:40.762247 #15138]  INFO -- : 0:  safe_yaml (0.9.7) from /Users/josecfernandezortiz/.rvm/gems/ruby-2.0.0-p353/specifications/safe_yaml-0.9.7.gemspec
I, [2014-03-06T10:21:40.762530 #15138]  INFO -- : 0:  parslet (1.5.0) from /Users/josecfernandezortiz/.rvm/gems/ruby-2.0.0-p353/specifications/parslet-1.5.0.gemspec
I, [2014-03-06T10:21:40.762812 #15138]  INFO -- : 0:  toml (0.1.1) from /Users/josecfernandezortiz/.rvm/gems/ruby-2.0.0-p353/specifications/toml-0.1.1.gemspec
I, [2014-03-06T10:21:40.763101 #15138]  INFO -- : 0:  jekyll (1.4.3) from /Users/josecfernandezortiz/.rvm/gems/ruby-2.0.0-p353/specifications/jekyll-1.4.3.gemspec
I, [2014-03-06T10:21:43.375134 #15138]  INFO -- : 0:  kramdown (1.3.1) from /Users/josecfernandezortiz/.rvm/gems/ruby-2.0.0-p353/specifications/kramdown-1.3.1.gemspec
I, [2014-03-06T10:21:47.475348 #15138]  INFO -- : 0:  rdiscount (2.1.7) from /Users/josecfernandezortiz/.rvm/gems/ruby-2.0.0-p353/specifications/rdiscount-2.1.7.gemspec
I, [2014-03-06T10:21:48.586774 #15138]  INFO -- : 0:  github-pages (15) from /Users/josecfernandezortiz/.rvm/gems/ruby-2.0.0-p353/specifications/github-pages-15.gemspec
I, [2014-03-06T10:21:48.587180 #15138]  INFO -- : 0:  bundler (1.5.1) from /Users/josecfernandezortiz/.rvm/gems/ruby-2.0.0-p353@global/specifications/bundler-1.5.1.gemspec
